<?xml version="1.0" encoding="UTF-8"?>
<testsuite name="pt.iscte.ambco.kmemoize.test.TestClassFunctions" tests="8" skipped="0" failures="0" errors="0" timestamp="2026-02-05T19:02:49.165Z" hostname="LAPTOP-AMBCO" time="8.058">
  <properties/>
  <testcase name="testTwoParametersSupertypeAny()" classname="pt.iscte.ambco.kmemoize.test.TestClassFunctions" time="1.122"/>
  <testcase name="testOneParameter()" classname="pt.iscte.ambco.kmemoize.test.TestClassFunctions" time="0.558"/>
  <testcase name="testTwoParametersCommonSupertype()" classname="pt.iscte.ambco.kmemoize.test.TestClassFunctions" time="0.407"/>
  <testcase name="testTwoParametersSameType()" classname="pt.iscte.ambco.kmemoize.test.TestClassFunctions" time="0.346"/>
  <testcase name="testTwoParametersSupertypeAny()" classname="pt.iscte.ambco.kmemoize.test.TestClassFunctions" time="0.252"/>
  <testcase name="testOneParameter()" classname="pt.iscte.ambco.kmemoize.test.TestClassFunctions" time="0.322"/>
  <testcase name="testTwoParametersCommonSupertype()" classname="pt.iscte.ambco.kmemoize.test.TestClassFunctions" time="0.265"/>
  <testcase name="testTwoParametersSameType()" classname="pt.iscte.ambco.kmemoize.test.TestClassFunctions" time="0.23"/>
  <system-out><![CDATA[]]></system-out>
  <system-err><![CDATA[]]></system-err>
</testsuite>
