<?xml version="1.0" encoding="UTF-8"?>
<testsuite name="pt.iscte.ambco.kmemoize.test.TestAnonymousFunctions" tests="4" skipped="0" failures="0" errors="0" timestamp="2026-02-05T19:02:54.731Z" hostname="LAPTOP-AMBCO" time="1.419">
  <properties/>
  <testcase name="testTwoParameters()" classname="pt.iscte.ambco.kmemoize.test.TestAnonymousFunctions" time="0.47"/>
  <testcase name="testOneParameterHardcoded()" classname="pt.iscte.ambco.kmemoize.test.TestAnonymousFunctions" time="0.28"/>
  <testcase name="testTwoParameters()" classname="pt.iscte.ambco.kmemoize.test.TestAnonymousFunctions" time="0.378"/>
  <testcase name="testOneParameterHardcoded()" classname="pt.iscte.ambco.kmemoize.test.TestAnonymousFunctions" time="0.282"/>
  <system-out><![CDATA[]]></system-out>
  <system-err><![CDATA[]]></system-err>
</testsuite>
