<?xml version="1.0" encoding="UTF-8"?>
<testsuite name="pt.iscte.ambco.kmemoize.test.TestLocalFunctions" tests="8" skipped="0" failures="0" errors="0" timestamp="2026-02-05T19:02:53.342Z" hostname="LAPTOP-AMBCO" time="5.59">
  <properties/>
  <testcase name="testTwoParametersSupertypeAny()" classname="pt.iscte.ambco.kmemoize.test.TestLocalFunctions" time="0.414"/>
  <testcase name="testOneParameter()" classname="pt.iscte.ambco.kmemoize.test.TestLocalFunctions" time="0.307"/>
  <testcase name="testTwoParametersCommonSupertype()" classname="pt.iscte.ambco.kmemoize.test.TestLocalFunctions" time="0.332"/>
  <testcase name="testTwoParametersSameType()" classname="pt.iscte.ambco.kmemoize.test.TestLocalFunctions" time="0.331"/>
  <testcase name="testTwoParametersSupertypeAny()" classname="pt.iscte.ambco.kmemoize.test.TestLocalFunctions" time="0.277"/>
  <testcase name="testOneParameter()" classname="pt.iscte.ambco.kmemoize.test.TestLocalFunctions" time="0.226"/>
  <testcase name="testTwoParametersCommonSupertype()" classname="pt.iscte.ambco.kmemoize.test.TestLocalFunctions" time="0.187"/>
  <testcase name="testTwoParametersSameType()" classname="pt.iscte.ambco.kmemoize.test.TestLocalFunctions" time="0.292"/>
  <system-out><![CDATA[]]></system-out>
  <system-err><![CDATA[]]></system-err>
</testsuite>
