<?xml version="1.0" encoding="UTF-8"?>
<testsuite name="pt.iscte.ambco.kmemoize.test.TestExpectedFailures" tests="8" skipped="0" failures="0" errors="0" timestamp="2026-02-05T19:02:42.493Z" hostname="LAPTOP-AMBCO" time="15.454">
  <properties/>
  <testcase name="testWithoutValueParameters()" classname="pt.iscte.ambco.kmemoize.test.TestExpectedFailures" time="5.291"/>
  <testcase name="testWithUnsupportedReturnType()" classname="pt.iscte.ambco.kmemoize.test.TestExpectedFailures" time="0.49"/>
  <testcase name="testWithoutBody()" classname="pt.iscte.ambco.kmemoize.test.TestExpectedFailures" time="0.316"/>
  <testcase name="testNotPure()" classname="pt.iscte.ambco.kmemoize.test.TestExpectedFailures" time="0.566"/>
  <testcase name="testWithoutValueParameters()" classname="pt.iscte.ambco.kmemoize.test.TestExpectedFailures" time="0.218"/>
  <testcase name="testWithUnsupportedReturnType()" classname="pt.iscte.ambco.kmemoize.test.TestExpectedFailures" time="0.166"/>
  <testcase name="testWithoutBody()" classname="pt.iscte.ambco.kmemoize.test.TestExpectedFailures" time="0.143"/>
  <testcase name="testNotPure()" classname="pt.iscte.ambco.kmemoize.test.TestExpectedFailures" time="0.195"/>
  <system-out><![CDATA[e: Cannot @Memoize function without value parameters: foo
e: Cannot @Memoize function with return type kotlin.Unit: foo
e: Cannot @Memoize body-less function: Foo.bar
e: Cannot @Memoize impure function: foo
e: Cannot @Memoize impure function: bar
e: Cannot @Memoize function without value parameters: foo
e: Cannot @Memoize function with return type kotlin.Unit: foo
e: Cannot @Memoize body-less function: Foo.bar
e: Cannot @Memoize impure function: foo
e: Cannot @Memoize impure function: bar
]]></system-out>
  <system-err><![CDATA[]]></system-err>
</testsuite>
