<?xml version="1.0" encoding="UTF-8"?>
<testsuite name="pt.iscte.ambco.kmemoize.test.TestTopLevelFunctions" tests="10" skipped="0" failures="0" errors="0" timestamp="2026-02-05T19:02:51.602Z" hostname="LAPTOP-AMBCO" time="8.325">
  <properties/>
  <testcase name="testTwoParametersSupertypeAny()" classname="pt.iscte.ambco.kmemoize.test.TestTopLevelFunctions" time="0.382"/>
  <testcase name="testOneParameter()" classname="pt.iscte.ambco.kmemoize.test.TestTopLevelFunctions" time="0.331"/>
  <testcase name="testGeneric()" classname="pt.iscte.ambco.kmemoize.test.TestTopLevelFunctions" time="0.31"/>
  <testcase name="testTwoParametersCommonSupertype()" classname="pt.iscte.ambco.kmemoize.test.TestTopLevelFunctions" time="0.395"/>
  <testcase name="testTwoParametersSameType()" classname="pt.iscte.ambco.kmemoize.test.TestTopLevelFunctions" time="0.316"/>
  <testcase name="testTwoParametersSupertypeAny()" classname="pt.iscte.ambco.kmemoize.test.TestTopLevelFunctions" time="0.178"/>
  <testcase name="testOneParameter()" classname="pt.iscte.ambco.kmemoize.test.TestTopLevelFunctions" time="0.2"/>
  <testcase name="testGeneric()" classname="pt.iscte.ambco.kmemoize.test.TestTopLevelFunctions" time="0.183"/>
  <testcase name="testTwoParametersCommonSupertype()" classname="pt.iscte.ambco.kmemoize.test.TestTopLevelFunctions" time="0.235"/>
  <testcase name="testTwoParametersSameType()" classname="pt.iscte.ambco.kmemoize.test.TestTopLevelFunctions" time="0.193"/>
  <system-out><![CDATA[]]></system-out>
  <system-err><![CDATA[]]></system-err>
</testsuite>
